<?xml version="1.0" encoding="UTF-8"?>
<testsuite xmlns:xsi="http://www.w3.org/2001/XMLSchema-instance" xsi:noNamespaceSchemaLocation="https://maven.apache.org/surefire/maven-surefire-plugin/xsd/surefire-test-report-3.0.xsd" version="3.0" name="com.smartcampus.SmartCampusLibraryTest" time="0.256" tests="27" errors="0" skipped="0" failures="0">
  <properties>
[...]
</properties>
  <testcase name="testHashMapLookup" classname="com.smartcampus.SmartCampusLibraryTest" time="0.066"/>
  <testcase name="testDuplicateISBN" classname="com.smartcampus.SmartCampusLibraryTest" time="0.003"/>
  <testcase name="testMissingISBN" classname="com.smartcampus.SmartCampusLibraryTest" time="0.003"/>
  <testcase name="testForecasterSlotCount" classname="com.smartcampus.SmartCampusLibraryTest" time="0.009"/>
  <testcase name="testCatalogGrowth" classname="com.smartcampus.SmartCampusLibraryTest" time="0.008"/>
  <testcase name="testTitleSearch" classname="com.smartcampus.SmartCampusLibraryTest" time="0.002"/>
  <testcase name="testBorrowHistory" classname="com.smartcampus.SmartCampusLibraryTest" time="0.004"/>
  <testcase name="testWaitlist" classname="com.smartcampus.SmartCampusLibraryTest" time="0.002">
    <system-out><![CDATA[  [WAITLIST] No copies available. Added to waitlist: TXN-W-2
]]></system-out>
  </testcase>
  <testcase name="testTopDemandedBooks" classname="com.smartcampus.SmartCampusLibraryTest" time="0.003"/>
  <testcase name="testTheftHeatmap" classname="com.smartcampus.SmartCampusLibraryTest" time="0.002"/>
  <testcase name="testInvalidSection" classname="com.smartcampus.SmartCampusLibraryTest" time="0.003"/>
  <testcase name="testCosineSameVectors" classname="com.smartcampus.SmartCampusLibraryTest" time="0.001"/>
  <testcase name="testCosineOrthogonal" classname="com.smartcampus.SmartCampusLibraryTest" time="0.001"/>
  <testcase name="testCosineEmpty" classname="com.smartcampus.SmartCampusLibraryTest" time="0.001"/>
  <testcase name="testTriePrefixSearch" classname="com.smartcampus.SmartCampusLibraryTest" time="0.003"/>
  <testcase name="testTrieMissingPrefix" classname="com.smartcampus.SmartCampusLibraryTest" time="0.001"/>
  <testcase name="testLevenshteinZero" classname="com.smartcampus.SmartCampusLibraryTest" time="0.003"/>
  <testcase name="testLevenshteinClassic" classname="com.smartcampus.SmartCampusLibraryTest" time="0.002"/>
  <testcase name="testLevenshteinEmpty" classname="com.smartcampus.SmartCampusLibraryTest" time="0.002"/>
  <testcase name="testTransliteration" classname="com.smartcampus.SmartCampusLibraryTest" time="0.002"/>
  <testcase name="testBFSAdjacentSections" classname="com.smartcampus.SmartCampusLibraryTest" time="0.005"/>
  <testcase name="testBFSInvalid" classname="com.smartcampus.SmartCampusLibraryTest" time="0.001"/>
  <testcase name="testFineCalculation" classname="com.smartcampus.SmartCampusLibraryTest" time="0.001"/>
  <testcase name="testNoFine" classname="com.smartcampus.SmartCampusLibraryTest" time="0.001"/>
  <testcase name="testRecentUsersTracked" classname="com.smartcampus.SmartCampusLibraryTest" time="0.002"/>
  <testcase name="testCompatibilityRange" classname="com.smartcampus.SmartCampusLibraryTest" time="0.0"/>
  <testcase name="testBudgetNotExceeded" classname="com.smartcampus.SmartCampusLibraryTest" time="0.012"/>
</testsuite>